2016-11-08 16:44:07,976 BeiJingOcr.py[line:197] INFO znga
2016-11-08 16:44:07,993 BeiJingOcr.py[line:217] INFO OCR Result [{'code': '202', 'data': 'znga', 'result': True, 'id': '82b78370-a58f-11e6-8426-408d5cdbd1ef'}]
2016-11-08 16:44:21,872 BeiJingOcr.py[line:197] INFO chqg
2016-11-08 16:44:21,874 BeiJingOcr.py[line:217] INFO OCR Result [{'code': '202', 'data': 'chqg', 'result': True, 'id': '8b548fa1-a58f-11e6-ae0b-408d5cdbd1ef'}]
2016-11-08 16:44:28,533 BeiJingOcr.py[line:197] INFO 468x
2016-11-08 16:44:28,533 BeiJingOcr.py[line:217] INFO OCR Result [{'code': '202', 'data': '468x', 'result': True, 'id': '8f4b935e-a58f-11e6-b714-408d5cdbd1ef'}]
2016-11-08 16:44:34,785 BeiJingOcr.py[line:197] INFO w43a
2016-11-08 16:44:34,786 BeiJingOcr.py[line:217] INFO OCR Result [{'code': '202', 'data': 'w43a', 'result': True, 'id': '93067880-a58f-11e6-8245-408d5cdbd1ef'}]
2016-11-08 16:44:41,117 BeiJingOcr.py[line:197] INFO 
2016-11-08 16:44:41,118 BeiJingOcr.py[line:217] INFO OCR Result [{'code': '202', 'data': '', 'result': True, 'id': '96cde0c0-a58f-11e6-82d9-408d5cdbd1ef'}]
2016-11-08 16:44:47,641 BeiJingOcr.py[line:197] INFO 3h2r
2016-11-08 16:44:47,642 BeiJingOcr.py[line:217] INFO OCR Result [{'code': '202', 'data': '3h2r', 'result': True, 'id': '9aae9d61-a58f-11e6-9bcb-408d5cdbd1ef'}]
2016-11-08 16:44:53,180 BeiJingOcr.py[line:197] INFO ><lhY
2016-11-08 16:44:53,180 BeiJingOcr.py[line:217] INFO OCR Result [{'code': '202', 'data': '><lhY', 'result': True, 'id': '9dfbf3a1-a58f-11e6-b3ec-408d5cdbd1ef'}]
2016-11-08 16:44:58,385 BeiJingOcr.py[line:197] INFO ><lhY
2016-11-08 16:44:58,387 BeiJingOcr.py[line:217] INFO OCR Result [{'code': '202', 'data': '><lhY', 'result': True, 'id': 'a117164f-a58f-11e6-87a8-408d5cdbd1ef'}]
2016-11-08 16:48:14,990 BeiJingOcr.py[line:197] INFO ggaw
2016-11-08 16:48:14,992 BeiJingOcr.py[line:217] INFO OCR Result [{'code': '202', 'data': 'ggaw', 'result': True, 'id': '1642344f-a590-11e6-93d2-408d5cdbd1ef'}]
2016-11-08 16:48:20,279 BeiJingOcr.py[line:197] INFO xthy
2016-11-08 16:48:20,280 BeiJingOcr.py[line:217] INFO OCR Result [{'code': '202', 'data': 'xthy', 'result': True, 'id': '196d5c8f-a590-11e6-8ff9-408d5cdbd1ef'}]
2016-11-08 16:48:26,559 BeiJingOcr.py[line:197] INFO n9tm
2016-11-08 16:48:26,559 BeiJingOcr.py[line:217] INFO OCR Result [{'code': '202', 'data': 'n9tm', 'result': True, 'id': '1d2c1240-a590-11e6-8daa-408d5cdbd1ef'}]
