2016-08-18 20:59:04,328 HeFeiOcr.py[line:85] INFO 5530
2016-08-18 20:59:04,328 HeFeiOcr.py[line:105] INFO OCR Result [{'code': '202', 'data': '5530', 'result': True, 'id': '8a7c125e-6543-11e6-b4b0-005056c00008'}]
2016-08-18 20:59:15,421 HeFeiOcr.py[line:85] INFO Z063
2016-08-18 20:59:15,421 HeFeiOcr.py[line:105] INFO OCR Result [{'code': '202', 'data': 'Z063', 'result': True, 'id': '911deacf-6543-11e6-9121-005056c00008'}]
2016-08-18 20:59:24,900 HeFeiOcr.py[line:85] INFO 3915
2016-08-18 20:59:24,901 HeFeiOcr.py[line:105] INFO OCR Result [{'code': '202', 'data': '3915', 'result': True, 'id': '96c4e880-6543-11e6-b059-005056c00008'}]
2016-08-18 21:00:10,630 OcrUnit.py[line:87] INFO -5-2-5
2016-08-18 21:00:10,630 OcrUnit.py[line:106] INFO OCR Result [{'code': '202', 'data': '-5-2-5', 'result': True, 'id': 'b1f3fbf0-6543-11e6-9335-005056c00008'}]
2016-08-18 21:00:42,338 HeFeiOcr.py[line:85] INFO 4743
2016-08-18 21:00:42,338 HeFeiOcr.py[line:105] INFO OCR Result [{'code': '202', 'data': '4743', 'result': True, 'id': 'c4ed2970-6543-11e6-8202-005056c00008'}]
2016-08-18 21:00:51,907 HeFeiOcr.py[line:85] INFO ‘1841
2016-08-18 21:00:51,907 HeFeiOcr.py[line:105] INFO OCR Result [{'code': '202', 'data': '\xe2\x80\x981841', 'result': True, 'id': 'ca9e604f-6543-11e6-a643-005056c00008'}]
2016-08-19 09:55:08,698 HeFeiOcr.py[line:85] INFO 4404
2016-08-19 09:55:08,700 HeFeiOcr.py[line:105] INFO OCR Result [{'code': '202', 'data': '4404', 'result': True, 'id': 'f4ee5100-65af-11e6-9775-005056c00008'}]
2016-08-19 09:55:39,523 HeFeiOcr.py[line:85] INFO 4404
2016-08-19 09:55:39,523 HeFeiOcr.py[line:105] INFO OCR Result [{'code': '202', 'data': '4404', 'result': True, 'id': '076a111e-65b0-11e6-932d-005056c00008'}]
2016-08-19 09:56:45,415 HeFeiOcr.py[line:85] INFO 1090
2016-08-19 09:56:45,415 HeFeiOcr.py[line:105] INFO OCR Result [{'code': '202', 'data': '1090', 'result': True, 'id': '2eadf261-65b0-11e6-b9a8-005056c00008'}]
2016-08-19 09:57:31,413 OcrUnit.py[line:87] INFO 4743
2016-08-19 09:57:31,414 OcrUnit.py[line:106] INFO OCR Result [{'code': '202', 'data': '4743', 'result': True, 'id': '4a17ebf0-65b0-11e6-b803-005056c00008'}]
2016-08-19 09:58:05,865 HeFeiOcr.py[line:85] INFO 1199
2016-08-19 09:58:05,865 HeFeiOcr.py[line:105] INFO OCR Result [{'code': '202', 'data': '1199', 'result': True, 'id': '5ea3a04f-65b0-11e6-b1dc-005056c00008'}]
2016-08-19 11:34:37,862 TangShanOcr.py[line:90] INFO 4477
2016-08-19 11:34:37,862 TangShanOcr.py[line:110] INFO OCR Result [{'code': '202', 'data': '4477', 'result': True, 'id': 'da8a7470-65bd-11e6-9529-005056c00008'}]
2016-08-19 13:57:20,813 HeFeiOcr.py[line:85] INFO 9102
2016-08-19 13:57:20,815 HeFeiOcr.py[line:105] INFO OCR Result [{'code': '202', 'data': '9102', 'result': True, 'id': 'cacd6f0f-65d1-11e6-83f7-005056c00008'}]
2016-08-19 13:57:46,914 HeFeiOcr.py[line:85] INFO 9102
2016-08-19 13:57:46,914 HeFeiOcr.py[line:105] INFO OCR Result [{'code': '202', 'data': '9102', 'result': True, 'id': 'da68cb8f-65d1-11e6-a2b0-005056c00008'}]
2016-08-19 16:37:25,519 HeFeiOcr.py[line:85] INFO 5530
2016-08-19 16:37:25,519 HeFeiOcr.py[line:105] INFO OCR Result [{'code': '202', 'data': '5530', 'result': True, 'id': '2788beb0-65e8-11e6-9026-005056c00008'}]
2016-08-19 16:39:03,191 OcrUnit.py[line:77] INFO 
2016-08-19 16:39:03,191 OcrUnit.py[line:97] INFO OCR Result [{'code': '202', 'data': '', 'result': True, 'id': '61e626ae-65e8-11e6-836c-005056c00008'}]
2016-08-19 16:39:08,763 HeFeiOcr.py[line:85] INFO 9102
2016-08-19 16:39:08,763 HeFeiOcr.py[line:105] INFO OCR Result [{'code': '202', 'data': '9102', 'result': True, 'id': '653ddd30-65e8-11e6-b914-005056c00008'}]
2016-08-19 16:39:16,486 OcrUnit.py[line:77] INFO 
2016-08-19 16:39:16,486 OcrUnit.py[line:97] INFO OCR Result [{'code': '202', 'data': '', 'result': True, 'id': '69da21a1-65e8-11e6-9f25-005056c00008'}]
2016-08-19 16:39:22,905 HeFeiOcr.py[line:85] INFO 8655
2016-08-19 16:39:22,907 HeFeiOcr.py[line:105] INFO OCR Result [{'code': '202', 'data': '8655', 'result': True, 'id': '6dac3840-65e8-11e6-9c1b-005056c00008'}]
2016-09-27 15:38:24,201 ChongQingOcr.py[line:152] INFO I-“>041
2016-09-27 15:38:24,223 ChongQingOcr.py[line:172] INFO OCR Result [{'code': '202', 'data': 'I-\xe2\x80\x9c>041', 'result': True, 'id': '5e9c57c0-8485-11e6-a545-408d5cdbd1ef'}]
2016-09-27 15:38:40,038 ChongQingOcr.py[line:152] INFO BTPT5
2016-09-27 15:38:40,038 ChongQingOcr.py[line:172] INFO OCR Result [{'code': '202', 'data': 'BTPT5', 'result': True, 'id': '686d9e30-8485-11e6-bde1-408d5cdbd1ef'}]
2016-09-27 15:41:16,392 ChongQingOcr.py[line:152] INFO FGUTK
2016-09-27 15:41:16,394 ChongQingOcr.py[line:172] INFO OCR Result [{'code': '202', 'data': 'FGUTK', 'result': True, 'id': 'c59e46de-8485-11e6-9ea3-408d5cdbd1ef'}]
2016-09-27 15:41:27,622 ChongQingOcr.py[line:152] INFO KZLOV
2016-09-27 15:41:27,624 ChongQingOcr.py[line:172] INFO OCR Result [{'code': '202', 'data': 'KZLOV', 'result': True, 'id': 'cc588951-8485-11e6-81ed-408d5cdbd1ef'}]
2016-09-27 15:41:37,980 ChongQingOcr.py[line:152] INFO 3T8KE
2016-09-27 15:41:37,980 ChongQingOcr.py[line:172] INFO OCR Result [{'code': '202', 'data': '3T8KE', 'result': True, 'id': 'd2842051-8485-11e6-a059-408d5cdbd1ef'}]
2016-09-27 15:41:50,921 ChongQingOcr.py[line:152] INFO U9TJO
2016-09-27 15:41:50,921 ChongQingOcr.py[line:172] INFO OCR Result [{'code': '202', 'data': 'U9TJO', 'result': True, 'id': 'da38c851-8485-11e6-b057-408d5cdbd1ef'}]
2016-09-27 15:42:07,878 ChongQingOcr.py[line:152] INFO 'XJC1P
2016-09-27 15:42:07,878 ChongQingOcr.py[line:172] INFO OCR Result [{'code': '202', 'data': "'XJC1P", 'result': True, 'id': 'e4545e30-8485-11e6-9d32-408d5cdbd1ef'}]
2016-09-27 15:42:20,943 ChongQingOcr.py[line:152] INFO BTPT5
2016-09-27 15:42:20,943 ChongQingOcr.py[line:172] INFO OCR Result [{'code': '202', 'data': 'BTPT5', 'result': True, 'id': 'ec1f4d4f-8485-11e6-ba4c-408d5cdbd1ef'}]
2016-09-27 15:42:31,536 ChongQingOcr.py[line:152] INFO HEJKi
2016-09-27 15:42:31,536 ChongQingOcr.py[line:172] INFO OCR Result [{'code': '202', 'data': 'HEJKi', 'result': True, 'id': 'f26f834f-8485-11e6-9a2e-408d5cdbd1ef'}]
2016-09-27 15:42:42,691 ChongQingOcr.py[line:152] INFO HEJKi
2016-09-27 15:42:42,693 ChongQingOcr.py[line:172] INFO OCR Result [{'code': '202', 'data': 'HEJKi', 'result': True, 'id': 'f9150540-8485-11e6-a6f9-408d5cdbd1ef'}]
2016-09-27 15:42:53,694 ChongQingOcr.py[line:152] INFO JNBOS
2016-09-27 15:42:53,696 ChongQingOcr.py[line:172] INFO OCR Result [{'code': '202', 'data': 'JNBOS', 'result': True, 'id': 'ffa4671e-8485-11e6-9e99-408d5cdbd1ef'}]
2016-09-27 15:43:02,581 ChongQingOcr.py[line:152] INFO §YT5L
2016-09-27 15:43:02,582 ChongQingOcr.py[line:172] INFO OCR Result [{'code': '202', 'data': '\xc2\xa7YT5L', 'result': True, 'id': '04f10fcf-8486-11e6-9af8-408d5cdbd1ef'}]
2016-09-27 18:00:48,927 ChongQingOcr.py[line:152] INFO DSSVO
2016-09-27 18:00:48,928 ChongQingOcr.py[line:172] INFO OCR Result [{'code': '202', 'data': 'DSSVO', 'result': True, 'id': '44001e61-8499-11e6-9750-408d5cdbd1ef'}]
2016-09-27 18:00:59,571 ChongQingOcr.py[line:152] INFO I-“>041
2016-09-27 18:00:59,572 ChongQingOcr.py[line:172] INFO OCR Result [{'code': '202', 'data': 'I-\xe2\x80\x9c>041', 'result': True, 'id': '4a6737c0-8499-11e6-840f-408d5cdbd1ef'}]
2016-09-27 18:01:10,154 ChongQingOcr.py[line:152] INFO JNBOS
2016-09-27 18:01:10,154 ChongQingOcr.py[line:172] INFO OCR Result [{'code': '202', 'data': 'JNBOS', 'result': True, 'id': '50afcc9e-8499-11e6-a85c-408d5cdbd1ef'}]
2016-09-27 18:01:19,421 ChongQingOcr.py[line:152] INFO ‘HPGE
2016-09-27 18:01:19,421 ChongQingOcr.py[line:172] INFO OCR Result [{'code': '202', 'data': '\xe2\x80\x98HPGE', 'result': True, 'id': '563e8761-8499-11e6-97d2-408d5cdbd1ef'}]
2016-09-27 18:01:49,792 ChongQingOcr.py[line:152] INFO UPJZE
2016-09-27 18:01:49,792 ChongQingOcr.py[line:172] INFO OCR Result [{'code': '202', 'data': 'UPJZE', 'result': True, 'id': '685718de-8499-11e6-9bc1-408d5cdbd1ef'}]
2016-09-27 18:02:01,746 ChongQingOcr.py[line:152] INFO AJXGO
2016-09-27 18:02:01,746 ChongQingOcr.py[line:172] INFO OCR Result [{'code': '202', 'data': 'AJXGO', 'result': True, 'id': '6f772200-8499-11e6-bc53-408d5cdbd1ef'}]
2016-09-27 19:23:19,424 SuZhouOcr.py[line:162] INFO 
2016-09-27 19:23:19,426 SuZhouOcr.py[line:182] INFO OCR Result [{'code': '202', 'data': '', 'result': True, 'id': 'ca942bf0-84a4-11e6-a6f1-408d5cdbd1ef'}]
2016-09-27 19:23:26,963 SuZhouOcr.py[line:162] INFO 
2016-09-27 19:23:26,963 SuZhouOcr.py[line:182] INFO OCR Result [{'code': '202', 'data': '', 'result': True, 'id': 'cf4a39ee-84a4-11e6-bfa1-408d5cdbd1ef'}]
2016-09-27 19:23:42,434 ZhengZhouOcr.py[line:148] INFO 223f
2016-09-27 19:23:42,434 ZhengZhouOcr.py[line:168] INFO OCR Result [{'code': '202', 'data': '223f', 'result': True, 'id': 'd87f8e80-84a4-11e6-a38c-408d5cdbd1ef'}]
2016-09-27 19:23:52,096 ZhengZhouOcr.py[line:148] INFO 4384
2016-09-27 19:23:52,096 ZhengZhouOcr.py[line:168] INFO OCR Result [{'code': '202', 'data': '4384', 'result': True, 'id': 'de41dc5e-84a4-11e6-9212-408d5cdbd1ef'}]
2016-09-27 19:23:58,858 ZhengZhouOcr.py[line:148] INFO 223f
2016-09-27 19:23:58,858 ZhengZhouOcr.py[line:168] INFO OCR Result [{'code': '202', 'data': '223f', 'result': True, 'id': 'e24933cf-84a4-11e6-9bda-408d5cdbd1ef'}]
2016-09-27 19:24:06,342 ZhengZhouOcr.py[line:148] INFO 3598
2016-09-27 19:24:06,342 ZhengZhouOcr.py[line:168] INFO OCR Result [{'code': '202', 'data': '3598', 'result': True, 'id': 'e6b9d45e-84a4-11e6-9fea-408d5cdbd1ef'}]
2016-09-27 19:24:40,161 SuZhouOcr.py[line:162] INFO 7311
2016-09-27 19:24:40,161 SuZhouOcr.py[line:182] INFO OCR Result [{'code': '202', 'data': '7311', 'result': True, 'id': 'fae82680-84a4-11e6-ae27-408d5cdbd1ef'}]
2016-09-27 19:24:47,678 SuZhouOcr.py[line:162] INFO 7959
2016-09-27 19:24:47,680 SuZhouOcr.py[line:182] INFO OCR Result [{'code': '202', 'data': '7959', 'result': True, 'id': 'ff67e240-84a4-11e6-abd9-408d5cdbd1ef'}]
2016-09-27 19:24:54,137 SuZhouOcr.py[line:162] INFO 0975
2016-09-27 19:24:54,137 SuZhouOcr.py[line:182] INFO OCR Result [{'code': '202', 'data': '0975', 'result': True, 'id': '033eb3cf-84a5-11e6-88bb-408d5cdbd1ef'}]
2016-09-27 19:24:59,494 SuZhouOcr.py[line:162] INFO 2866
2016-09-27 19:24:59,494 SuZhouOcr.py[line:182] INFO OCR Result [{'code': '202', 'data': '2866', 'result': True, 'id': '066f815e-84a5-11e6-9507-408d5cdbd1ef'}]
2016-09-28 09:38:48,460 SuZhouOcr.py[line:162] INFO 
2016-09-28 09:38:48,460 SuZhouOcr.py[line:182] INFO OCR Result [{'code': '202', 'data': '', 'result': True, 'id': '4d1b44b0-851c-11e6-b984-408d5cdbd1ef'}]
2016-09-28 10:45:23,655 SuZhouOcr.py[line:162] INFO 
2016-09-28 10:45:23,657 SuZhouOcr.py[line:182] INFO OCR Result [{'code': '202', 'data': '', 'result': True, 'id': '9a72ae70-8525-11e6-ad45-408d5cdbd1ef'}]
2016-09-28 10:45:31,210 SuZhouOcr.py[line:162] INFO 
2016-09-28 10:45:31,210 SuZhouOcr.py[line:182] INFO OCR Result [{'code': '202', 'data': '', 'result': True, 'id': '9f1ad9c0-8525-11e6-90b2-408d5cdbd1ef'}]
2016-09-28 10:45:39,707 SuZhouOcr.py[line:162] INFO 
2016-09-28 10:45:39,707 SuZhouOcr.py[line:182] INFO OCR Result [{'code': '202', 'data': '', 'result': True, 'id': 'a42dfbe1-8525-11e6-a020-408d5cdbd1ef'}]
2016-09-28 14:02:31,562 SuZhouOcr.py[line:162] INFO 
2016-09-28 14:02:31,563 SuZhouOcr.py[line:182] INFO OCR Result [{'code': '202', 'data': '', 'result': True, 'id': '248f5340-8541-11e6-a373-408d5cdbd1ef'}]
2016-09-28 14:06:32,555 WuLuMuQiOcr.py[line:83] INFO EH7R
2016-09-28 14:06:32,556 WuLuMuQiOcr.py[line:103] INFO OCR Result [{'code': '202', 'data': 'EH7R', 'result': True, 'id': 'b3197f9e-8541-11e6-a792-408d5cdbd1ef'}]
2016-09-28 14:06:43,016 WuLuMuQiOcr.py[line:83] INFO V9AF
2016-09-28 14:06:43,016 WuLuMuQiOcr.py[line:103] INFO OCR Result [{'code': '202', 'data': 'V9AF', 'result': True, 'id': 'b9b600de-8541-11e6-9ad4-408d5cdbd1ef'}]
2016-09-28 14:07:06,957 WuLuMuQiOcr.py[line:83] INFO IVC6
2016-09-28 14:07:06,957 WuLuMuQiOcr.py[line:103] INFO OCR Result [{'code': '202', 'data': 'IVC6', 'result': True, 'id': 'c7fcc9e1-8541-11e6-87d1-408d5cdbd1ef'}]
2016-11-08 16:44:07,976 BeiJingOcr.py[line:197] INFO znga
2016-11-08 16:44:07,993 BeiJingOcr.py[line:217] INFO OCR Result [{'code': '202', 'data': 'znga', 'result': True, 'id': '82b78370-a58f-11e6-8426-408d5cdbd1ef'}]
2016-11-08 16:44:21,872 BeiJingOcr.py[line:197] INFO chqg
2016-11-08 16:44:21,874 BeiJingOcr.py[line:217] INFO OCR Result [{'code': '202', 'data': 'chqg', 'result': True, 'id': '8b548fa1-a58f-11e6-ae0b-408d5cdbd1ef'}]
2016-11-08 16:44:28,533 BeiJingOcr.py[line:197] INFO 468x
2016-11-08 16:44:28,533 BeiJingOcr.py[line:217] INFO OCR Result [{'code': '202', 'data': '468x', 'result': True, 'id': '8f4b935e-a58f-11e6-b714-408d5cdbd1ef'}]
2016-11-08 16:44:34,785 BeiJingOcr.py[line:197] INFO w43a
2016-11-08 16:44:34,786 BeiJingOcr.py[line:217] INFO OCR Result [{'code': '202', 'data': 'w43a', 'result': True, 'id': '93067880-a58f-11e6-8245-408d5cdbd1ef'}]
2016-11-08 16:44:41,117 BeiJingOcr.py[line:197] INFO 
2016-11-08 16:44:41,118 BeiJingOcr.py[line:217] INFO OCR Result [{'code': '202', 'data': '', 'result': True, 'id': '96cde0c0-a58f-11e6-82d9-408d5cdbd1ef'}]
2016-11-08 16:44:47,641 BeiJingOcr.py[line:197] INFO 3h2r
2016-11-08 16:44:47,642 BeiJingOcr.py[line:217] INFO OCR Result [{'code': '202', 'data': '3h2r', 'result': True, 'id': '9aae9d61-a58f-11e6-9bcb-408d5cdbd1ef'}]
2016-11-08 16:44:53,180 BeiJingOcr.py[line:197] INFO ><lhY
2016-11-08 16:44:53,180 BeiJingOcr.py[line:217] INFO OCR Result [{'code': '202', 'data': '><lhY', 'result': True, 'id': '9dfbf3a1-a58f-11e6-b3ec-408d5cdbd1ef'}]
2016-11-08 16:44:58,385 BeiJingOcr.py[line:197] INFO ><lhY
2016-11-08 16:44:58,387 BeiJingOcr.py[line:217] INFO OCR Result [{'code': '202', 'data': '><lhY', 'result': True, 'id': 'a117164f-a58f-11e6-87a8-408d5cdbd1ef'}]
2016-11-08 16:48:14,990 BeiJingOcr.py[line:197] INFO ggaw
2016-11-08 16:48:14,992 BeiJingOcr.py[line:217] INFO OCR Result [{'code': '202', 'data': 'ggaw', 'result': True, 'id': '1642344f-a590-11e6-93d2-408d5cdbd1ef'}]
2016-11-08 16:48:20,279 BeiJingOcr.py[line:197] INFO xthy
2016-11-08 16:48:20,280 BeiJingOcr.py[line:217] INFO OCR Result [{'code': '202', 'data': 'xthy', 'result': True, 'id': '196d5c8f-a590-11e6-8ff9-408d5cdbd1ef'}]
2016-11-08 16:48:26,559 BeiJingOcr.py[line:197] INFO n9tm
2016-11-08 16:48:26,559 BeiJingOcr.py[line:217] INFO OCR Result [{'code': '202', 'data': 'n9tm', 'result': True, 'id': '1d2c1240-a590-11e6-8daa-408d5cdbd1ef'}]
